0 info it worked if it ends with ok
1 verbose cli [ 'node', '/usr/local/bin/npm', 'install', '-g', 'babel' ]
2 info using npm@1.4.28
3 info using node@v0.10.35
4 verbose cache add [ 'babel', null ]
5 verbose cache add name=undefined spec="babel" args=["babel",null]
6 verbose parsed url { protocol: null,
6 verbose parsed url   slashes: null,
6 verbose parsed url   auth: null,
6 verbose parsed url   host: null,
6 verbose parsed url   port: null,
6 verbose parsed url   hostname: null,
6 verbose parsed url   hash: null,
6 verbose parsed url   search: null,
6 verbose parsed url   query: null,
6 verbose parsed url   pathname: 'babel',
6 verbose parsed url   path: 'babel',
6 verbose parsed url   href: 'babel' }
7 silly lockFile cad160f3-babel babel
8 verbose lock babel /Users/L2k-nForce/.npm/cad160f3-babel.lock
9 silly lockFile cad160f3-babel babel
10 silly lockFile cad160f3-babel babel
11 verbose addNamed [ 'babel', '' ]
12 verbose addNamed [ null, '*' ]
13 silly lockFile 8d1f9cea-babel babel@
14 verbose lock babel@ /Users/L2k-nForce/.npm/8d1f9cea-babel.lock
15 silly addNameRange { name: 'babel', range: '*', hasData: false }
16 verbose request where is /babel
17 verbose request registry https://registry.npmjs.org/
18 verbose request id b0e56ed2718dc718
19 verbose url raw /babel
20 verbose url resolving [ 'https://registry.npmjs.org/', './babel' ]
21 verbose url resolved https://registry.npmjs.org/babel
22 verbose request where is https://registry.npmjs.org/babel
23 info trying registry request attempt 1 at 20:55:42
24 http GET https://registry.npmjs.org/babel
25 http 200 https://registry.npmjs.org/babel
26 silly registry.get cb [ 200,
26 silly registry.get   { server: 'CouchDB/1.5.0 (Erlang OTP/R16B03)',
26 silly registry.get     etag: '"540W56C7Q5YRX3SM24X4IFBFD"',
26 silly registry.get     'content-type': 'application/json',
26 silly registry.get     'cache-control': 'max-age=60',
26 silly registry.get     'content-length': '213726',
26 silly registry.get     'accept-ranges': 'bytes',
26 silly registry.get     date: 'Fri, 30 Oct 2015 13:55:43 GMT',
26 silly registry.get     via: '1.1 varnish',
26 silly registry.get     age: '48',
26 silly registry.get     connection: 'keep-alive',
26 silly registry.get     'x-served-by': 'cache-sin6924-SIN',
26 silly registry.get     'x-cache': 'HIT',
26 silly registry.get     'x-cache-hits': '1',
26 silly registry.get     'x-timer': 'S1446213343.801338,VS0,VE0',
26 silly registry.get     vary: 'Accept' } ]
27 silly addNameRange number 2 { name: 'babel', range: '*', hasData: true }
28 silly addNameRange versions [ 'babel',
28 silly addNameRange   [ '0.0.1',
28 silly addNameRange     '4.0.1',
28 silly addNameRange     '4.0.2',
28 silly addNameRange     '4.1.1',
28 silly addNameRange     '4.2.0',
28 silly addNameRange     '4.2.1',
28 silly addNameRange     '4.3.0',
28 silly addNameRange     '4.4.1',
28 silly addNameRange     '4.4.2',
28 silly addNameRange     '4.4.3',
28 silly addNameRange     '4.4.4',
28 silly addNameRange     '4.4.5',
28 silly addNameRange     '4.4.6',
28 silly addNameRange     '4.5.0',
28 silly addNameRange     '4.5.1',
28 silly addNameRange     '4.5.2',
28 silly addNameRange     '4.5.3',
28 silly addNameRange     '4.5.4',
28 silly addNameRange     '4.5.5',
28 silly addNameRange     '4.6.0',
28 silly addNameRange     '4.6.1',
28 silly addNameRange     '4.6.3',
28 silly addNameRange     '4.6.4',
28 silly addNameRange     '4.6.5',
28 silly addNameRange     '4.6.6',
28 silly addNameRange     '4.7.0',
28 silly addNameRange     '4.7.1',
28 silly addNameRange     '4.7.2',
28 silly addNameRange     '4.7.3',
28 silly addNameRange     '4.7.4',
28 silly addNameRange     '4.7.5',
28 silly addNameRange     '4.7.6',
28 silly addNameRange     '4.7.7',
28 silly addNameRange     '4.7.8',
28 silly addNameRange     '4.7.9',
28 silly addNameRange     '4.7.10',
28 silly addNameRange     '4.7.11',
28 silly addNameRange     '4.7.12',
28 silly addNameRange     '4.7.13',
28 silly addNameRange     '4.7.14',
28 silly addNameRange     '4.7.15',
28 silly addNameRange     '4.7.16',
28 silly addNameRange     '5.0.0-beta2',
28 silly addNameRange     '5.0.0-beta3',
28 silly addNameRange     '5.0.0-beta4',
28 silly addNameRange     '5.0.0',
28 silly addNameRange     '5.0.1',
28 silly addNameRange     '5.0.2',
28 silly addNameRange     '5.0.3',
28 silly addNameRange     '5.0.4',
28 silly addNameRange     '5.0.5',
28 silly addNameRange     '5.0.6',
28 silly addNameRange     '5.0.7',
28 silly addNameRange     '5.0.8',
28 silly addNameRange     '5.0.9',
28 silly addNameRange     '5.0.10',
28 silly addNameRange     '5.0.11',
28 silly addNameRange     '5.0.12',
28 silly addNameRange     '5.0.13',
28 silly addNameRange     '5.1.0',
28 silly addNameRange     '5.1.1',
28 silly addNameRange     '5.1.2',
28 silly addNameRange     '5.1.3',
28 silly addNameRange     '5.1.4',
28 silly addNameRange     '5.1.5',
28 silly addNameRange     '5.1.6',
28 silly addNameRange     '5.1.7',
28 silly addNameRange     '5.1.8',
28 silly addNameRange     '5.1.9',
28 silly addNameRange     '5.1.10',
28 silly addNameRange     '5.1.11',
28 silly addNameRange     '5.1.12',
28 silly addNameRange     '5.1.13',
28 silly addNameRange     '5.2.0',
28 silly addNameRange     '5.2.1',
28 silly addNameRange     '5.2.2',
28 silly addNameRange     '5.2.3',
28 silly addNameRange     '5.2.4',
28 silly addNameRange     '5.2.5',
28 silly addNameRange     '5.2.6',
28 silly addNameRange     '5.2.7',
28 silly addNameRange     '5.2.9',
28 silly addNameRange     '5.2.10',
28 silly addNameRange     '5.2.11',
28 silly addNameRange     '5.2.12',
28 silly addNameRange     '5.2.13',
28 silly addNameRange     '5.2.14',
28 silly addNameRange     '5.2.15',
28 silly addNameRange     '5.2.16',
28 silly addNameRange     '5.2.17',
28 silly addNameRange     '5.3.0',
28 silly addNameRange     '5.3.1',
28 silly addNameRange     '5.3.2',
28 silly addNameRange     '5.3.3',
28 silly addNameRange     '5.4.0',
28 silly addNameRange     '5.4.1',
28 silly addNameRange     '5.4.2',
28 silly addNameRange     '5.4.3',
28 silly addNameRange     '5.4.4',
28 silly addNameRange     '5.4.5',
28 silly addNameRange     '5.4.6',
28 silly addNameRange     '5.4.7',
28 silly addNameRange     '5.5.0',
28 silly addNameRange     '5.5.1',
28 silly addNameRange     '5.5.2',
28 silly addNameRange     '5.5.3',
28 silly addNameRange     '5.5.4',
28 silly addNameRange     '5.5.5',
28 silly addNameRange     '5.5.6',
28 silly addNameRange     '5.5.7',
28 silly addNameRange     '5.5.8',
28 silly addNameRange     '5.6.1',
28 silly addNameRange     '5.6.2',
28 silly addNameRange     '5.6.3',
28 silly addNameRange     '5.6.4',
28 silly addNameRange     '5.6.5',
28 silly addNameRange     '5.6.6',
28 silly addNameRange     '5.6.7',
28 silly addNameRange     '5.6.10',
28 silly addNameRange     '5.6.11',
28 silly addNameRange     '5.6.12',
28 silly addNameRange     '5.6.14',
28 silly addNameRange     '5.6.23',
28 silly addNameRange     '5.8.2',
28 silly addNameRange     '5.8.3',
28 silly addNameRange     '5.8.5',
28 silly addNameRange     '5.8.6',
28 silly addNameRange     '5.8.8',
28 silly addNameRange     '5.8.9',
28 silly addNameRange     '5.8.12',
28 silly addNameRange     '5.8.19',
28 silly addNameRange     '5.8.20',
28 silly addNameRange     '5.8.21',
28 silly addNameRange     '5.8.23',
28 silly addNameRange     '5.8.29',
28 silly addNameRange     '6.0.0',
28 silly addNameRange     '6.0.2',
28 silly addNameRange     '6.0.12' ] ]
29 verbose addNamed [ 'babel', '6.0.12' ]
30 verbose addNamed [ '6.0.12', '6.0.12' ]
31 silly lockFile 1656d068-babel-6-0-12 babel@6.0.12
32 verbose lock babel@6.0.12 /Users/L2k-nForce/.npm/1656d068-babel-6-0-12.lock
33 silly lockFile 15eb03c5-npmjs-org-babel-babel-6-0-12-tgz https://registry.npmjs.org/babel/-/babel-6.0.12.tgz
34 verbose lock https://registry.npmjs.org/babel/-/babel-6.0.12.tgz /Users/L2k-nForce/.npm/15eb03c5-npmjs-org-babel-babel-6-0-12-tgz.lock
35 verbose addRemoteTarball [ 'https://registry.npmjs.org/babel/-/babel-6.0.12.tgz',
35 verbose addRemoteTarball   '83b4d64bdb2fac2cc1f7d0c97422217cd71adf8c' ]
36 info retry fetch attempt 1 at 20:55:44
37 verbose fetch to= /var/folders/sz/yt3f7h2x05g6xf0mjtht9_180000gn/T/npm-805-xiRUeNYl/registry.npmjs.org/babel/-/babel-6.0.12.tgz
38 http GET https://registry.npmjs.org/babel/-/babel-6.0.12.tgz
39 http 200 https://registry.npmjs.org/babel/-/babel-6.0.12.tgz
40 silly lockFile 15eb03c5-npmjs-org-babel-babel-6-0-12-tgz https://registry.npmjs.org/babel/-/babel-6.0.12.tgz
41 silly lockFile 15eb03c5-npmjs-org-babel-babel-6-0-12-tgz https://registry.npmjs.org/babel/-/babel-6.0.12.tgz
42 silly lockFile 1656d068-babel-6-0-12 babel@6.0.12
43 silly lockFile 1656d068-babel-6-0-12 babel@6.0.12
44 silly lockFile 8d1f9cea-babel babel@
45 silly lockFile 8d1f9cea-babel babel@
46 silly resolved [ { name: 'babel',
46 silly resolved     version: '6.0.12',
46 silly resolved     description: 'Turn ES6 code into readable vanilla ES5 with source maps',
46 silly resolved     author: { name: 'Sebastian McKenzie', email: 'sebmck@gmail.com' },
46 silly resolved     homepage: 'https://babeljs.io/',
46 silly resolved     license: 'MIT',
46 silly resolved     repository: { type: 'git', url: 'git+https://github.com/babel/babel.git' },
46 silly resolved     preferGlobal: true,
46 silly resolved     bin:
46 silly resolved      { babel: './cli.js',
46 silly resolved        'babel-node': './cli.js',
46 silly resolved        'babel-external-helpers': './cli.js' },
46 silly resolved     bugs: { url: 'https://github.com/babel/babel/issues' },
46 silly resolved     _id: 'babel@6.0.12',
46 silly resolved     scripts: {},
46 silly resolved     _shasum: '83b4d64bdb2fac2cc1f7d0c97422217cd71adf8c',
46 silly resolved     _from: 'babel@',
46 silly resolved     _npmVersion: '2.14.9',
46 silly resolved     _nodeVersion: '4.1.0',
46 silly resolved     _npmUser: { name: 'sebmck', email: 'sebmck@gmail.com' },
46 silly resolved     dist:
46 silly resolved      { shasum: '83b4d64bdb2fac2cc1f7d0c97422217cd71adf8c',
46 silly resolved        tarball: 'http://registry.npmjs.org/babel/-/babel-6.0.12.tgz' },
46 silly resolved     maintainers: [ [Object] ],
46 silly resolved     directories: {},
46 silly resolved     _resolved: 'https://registry.npmjs.org/babel/-/babel-6.0.12.tgz' } ]
47 info install babel@6.0.12 into /usr/local/lib
48 info installOne babel@6.0.12
49 verbose lib/node_modules/babel unbuild
50 verbose tar unpack /Users/L2k-nForce/.npm/babel/6.0.12/package.tgz
51 silly lockFile e23af4e5-usr-local-lib-node-modules-babel tar:///usr/local/lib/node_modules/babel
52 verbose lock tar:///usr/local/lib/node_modules/babel /Users/L2k-nForce/.npm/e23af4e5-usr-local-lib-node-modules-babel.lock
53 silly lockFile 53416576-rce-npm-babel-6-0-12-package-tgz tar:///Users/L2k-nForce/.npm/babel/6.0.12/package.tgz
54 verbose lock tar:///Users/L2k-nForce/.npm/babel/6.0.12/package.tgz /Users/L2k-nForce/.npm/53416576-rce-npm-babel-6-0-12-package-tgz.lock
55 silly gunzTarPerm modes [ '755', '644' ]
56 error Error: EACCES, mkdir '/usr/local/lib/node_modules/babel'
56 error  { [Error: EACCES, mkdir '/usr/local/lib/node_modules/babel']
56 error   errno: 3,
56 error   code: 'EACCES',
56 error   path: '/usr/local/lib/node_modules/babel',
56 error   fstream_type: 'Directory',
56 error   fstream_path: '/usr/local/lib/node_modules/babel',
56 error   fstream_class: 'DirWriter',
56 error   fstream_stack:
56 error    [ '/usr/local/lib/node_modules/npm/node_modules/fstream/lib/dir-writer.js:36:23',
56 error      '/usr/local/lib/node_modules/npm/node_modules/mkdirp/index.js:46:53',
56 error      'Object.oncomplete (fs.js:108:15)' ] }
57 error Please try running this command again as root/Administrator.
58 error System Darwin 14.5.0
59 error command "node" "/usr/local/bin/npm" "install" "-g" "babel"
60 error cwd /Users/L2k-nForce/Dev/Git/Chula/library-client
61 error node -v v0.10.35
62 error npm -v 1.4.28
63 error path /usr/local/lib/node_modules/babel
64 error fstream_path /usr/local/lib/node_modules/babel
65 error fstream_type Directory
66 error fstream_class DirWriter
67 error code EACCES
68 error errno 3
69 error stack Error: EACCES, mkdir '/usr/local/lib/node_modules/babel'
70 error fstream_stack /usr/local/lib/node_modules/npm/node_modules/fstream/lib/dir-writer.js:36:23
70 error fstream_stack /usr/local/lib/node_modules/npm/node_modules/mkdirp/index.js:46:53
70 error fstream_stack Object.oncomplete (fs.js:108:15)
71 verbose exit [ 3, true ]
